#
# There is insufficient memory for the Java Runtime Environment to continue.
# Native memory allocation (malloc) failed to allocate 1048576 bytes for AllocateHeap
# Possible reasons:
#   The system is out of physical RAM or swap space
#   In 32 bit mode, the process size limit was hit
# Possible solutions:
#   Reduce memory load on the system
#   Increase physical memory or swap space
#   Check if swap backing store is full
#   Use 64 bit Java on a 64 bit OS
#   Decrease Java heap size (-Xmx/-Xms)
#   Decrease number of Java threads
#   Decrease Java thread stack sizes (-Xss)
#   Set larger code cache with -XX:ReservedCodeCacheSize=
# This output file may be truncated or incomplete.
#
#  Out of Memory Error (memory/allocation.inline.hpp:61), pid=1564, tid=13768
#
# JRE version:  (8.0_45-b14) (build )
# Java VM: Java HotSpot(TM) 64-Bit Server VM (25.45-b02 mixed mode windows-amd64 compressed oops)
# Failed to write core dump. Minidumps are not enabled by default on client versions of Windows
#

---------------  T H R E A D  ---------------

Current thread (0x000000000327d800):  JavaThread "Unknown thread" [_thread_in_vm, id=13768, stack(0x0000000004aa0000,0x0000000004ba0000)]

Stack: [0x0000000004aa0000,0x0000000004ba0000]
Native frames: (J=compiled Java code, j=interpreted, Vv=VM code, C=native code)
V  [jvm.dll+0x32b57a]
V  [jvm.dll+0x279873]
V  [jvm.dll+0x27a509]
V  [jvm.dll+0x271825]
V  [jvm.dll+0x1606]
V  [jvm.dll+0x270892]
V  [jvm.dll+0x3eee4a]
V  [jvm.dll+0x3ea7a7]
V  [jvm.dll+0xf2cf2]
V  [jvm.dll+0x20f0c9]
V  [jvm.dll+0x240e0a]
V  [jvm.dll+0x15ba41]
C  [javaw.exe+0x217e]
C  [javaw.exe+0xcd17]
C  [javaw.exe+0xcdab]
C  [KERNEL32.DLL+0x11fe4]
C  [ntdll.dll+0x6ef91]


---------------  P R O C E S S  ---------------

Java Threads: ( => current thread )

Other Threads:

=>0x000000000327d800 (exited) JavaThread "Unknown thread" [_thread_in_vm, id=13768, stack(0x0000000004aa0000,0x0000000004ba0000)]

VM state:not at safepoint (normal execution)

VM Mutex/Monitor currently owned by a thread: None

Heap:
 PSYoungGen      total 38400K, used 665K [0x00000000d5f00000, 0x00000000d8980000, 0x0000000100000000)
  eden space 33280K, 2% used [0x00000000d5f00000,0x00000000d5fa6670,0x00000000d7f80000)
  from space 5120K, 0% used [0x00000000d8480000,0x00000000d8480000,0x00000000d8980000)
  to   space 5120K, 0% used [0x00000000d7f80000,0x00000000d7f80000,0x00000000d8480000)
 ParOldGen       total 87552K, used 0K [0x0000000081c00000, 0x0000000087180000, 0x00000000d5f00000)
  object space 87552K, 0% used [0x0000000081c00000,0x0000000081c00000,0x0000000087180000)
 Metaspace       used 742K, capacity 4480K, committed 4480K, reserved 1056768K
  class space    used 75K, capacity 384K, committed 384K, reserved 1048576K

Card table byte_map: [0x0000000014130000,0x0000000014530000] byte_map_base: 0x0000000013d22000

Marking Bits: (ParMarkBitMap*) 0x00000000657c4040
 Begin Bits: [0x0000000014be0000, 0x0000000016b70000)
 End Bits:   [0x0000000016b70000, 0x0000000018b00000)

Polling page: 0x0000000002de0000

CodeCache: size=245760Kb used=328Kb max_used=328Kb free=245431Kb
 bounds [0x0000000004d70000, 0x0000000004fe0000, 0x0000000013d70000]
 total_blobs=57 nmethods=0 adapters=37
 compilation: enabled

Compilation events (0 events):
No events

GC Heap History (0 events):
No events

Deoptimization events (0 events):
No events

Internal exceptions (0 events):
No events

Events (10 events):
Event: 0.027 loading class java/lang/Short
Event: 0.027 loading class java/lang/Short done
Event: 0.027 loading class java/lang/Integer
Event: 0.027 loading class java/lang/Integer done
Event: 0.027 loading class java/lang/Long
Event: 0.028 loading class java/lang/Long done
Event: 0.028 loading class java/lang/NullPointerException
Event: 0.028 loading class java/lang/NullPointerException done
Event: 0.028 loading class java/lang/ArithmeticException
Event: 0.028 loading class java/lang/ArithmeticException done


Dynamic libraries:
0x00007ff623480000 - 0x00007ff6234b7000 	C:\Program Files\Java\jre1.8.0_45\bin\javaw.exe
0x00007ffaacbf0000 - 0x00007ffaacdd0000 	C:\WINDOWS\SYSTEM32\ntdll.dll
0x00007ffaac780000 - 0x00007ffaac82e000 	C:\WINDOWS\System32\KERNEL32.DLL
0x00007ffaa9480000 - 0x00007ffaa96e6000 	C:\WINDOWS\System32\KERNELBASE.dll
0x00007ffaaa150000 - 0x00007ffaaa1f1000 	C:\WINDOWS\System32\ADVAPI32.dll
0x00007ffaaa260000 - 0x00007ffaaa2fd000 	C:\WINDOWS\System32\msvcrt.dll
0x00007ffaaa0f0000 - 0x00007ffaaa14b000 	C:\WINDOWS\System32\sechost.dll
0x00007ffaac830000 - 0x00007ffaac94f000 	C:\WINDOWS\System32\RPCRT4.dll
0x00007ffaab770000 - 0x00007ffaab8fe000 	C:\WINDOWS\System32\USER32.dll
0x00007ffaa8ff0000 - 0x00007ffaa9010000 	C:\WINDOWS\System32\win32u.dll
0x00007ffaaa0c0000 - 0x00007ffaaa0e8000 	C:\WINDOWS\System32\GDI32.dll
0x00007ffaa96f0000 - 0x00007ffaa9884000 	C:\WINDOWS\System32\gdi32full.dll
0x00007ffaa92e0000 - 0x00007ffaa937b000 	C:\WINDOWS\System32\msvcp_win.dll
0x00007ffaa9380000 - 0x00007ffaa9476000 	C:\WINDOWS\System32\ucrtbase.dll
0x00007ffa95640000 - 0x00007ffa958a9000 	C:\WINDOWS\WinSxS\amd64_microsoft.windows.common-controls_6595b64144ccf1df_6.0.16299.19_none_cc92fab02215da61\COMCTL32.dll
0x00007ffaac150000 - 0x00007ffaac458000 	C:\WINDOWS\System32\combase.dll
0x00007ffaa9890000 - 0x00007ffaa9902000 	C:\WINDOWS\System32\bcryptPrimitives.dll
0x00007ffaaa300000 - 0x00007ffaaa32d000 	C:\WINDOWS\System32\IMM32.DLL
0x0000000064da0000 - 0x0000000064e72000 	C:\Program Files\Java\jre1.8.0_45\bin\msvcr100.dll
0x0000000064fc0000 - 0x0000000065843000 	C:\Program Files\Java\jre1.8.0_45\bin\server\jvm.dll
0x00007ffaac0d0000 - 0x00007ffaac0d8000 	C:\WINDOWS\System32\PSAPI.DLL
0x00007ffaa1300000 - 0x00007ffaa1309000 	C:\WINDOWS\SYSTEM32\WSOCK32.dll
0x00007ffaac0e0000 - 0x00007ffaac14c000 	C:\WINDOWS\System32\WS2_32.dll
0x00007ffaa5d00000 - 0x00007ffaa5d23000 	C:\WINDOWS\SYSTEM32\WINMM.dll
0x00007ffa99860000 - 0x00007ffa9986a000 	C:\WINDOWS\SYSTEM32\VERSION.dll
0x00007ffaa4710000 - 0x00007ffaa473a000 	C:\WINDOWS\SYSTEM32\winmmbase.dll
0x00007ffaa9010000 - 0x00007ffaa905a000 	C:\WINDOWS\System32\cfgmgr32.dll
0x0000000065d30000 - 0x0000000065d3f000 	C:\Program Files\Java\jre1.8.0_45\bin\verify.dll
0x0000000064f90000 - 0x0000000064fb9000 	C:\Program Files\Java\jre1.8.0_45\bin\java.dll
0x0000000064f70000 - 0x0000000064f86000 	C:\Program Files\Java\jre1.8.0_45\bin\zip.dll
0x00007ffaa1580000 - 0x00007ffaa1748000 	C:\WINDOWS\SYSTEM32\dbghelp.dll

VM Arguments:
jvm_args: -Dfile.encoding=Cp1252 
java_command: chess.Chess
java_class_path (initial): C:\Users\Jordy\Desktop\Chess10\bin
Launcher Type: SUN_STANDARD

Environment Variables:
JAVA_HOME=C:\Program Files\Java\jdk1.8.0_45
PATH=C:/Program Files/Java/jre1.8.0_45/bin/server;C:/Program Files/Java/jre1.8.0_45/bin;C:/Program Files/Java/jre1.8.0_45/lib/amd64;C:\ProgramData\Oracle\Java\javapath;C:\Program Files (x86)\Intel\iCLS Client\;C:\Program Files\Intel\iCLS Client\;C:\WINDOWS\system32;C:\WINDOWS;C:\WINDOWS\System32\Wbem;C:\WINDOWS\System32\WindowsPowerShell\v1.0\;C:\Program Files\Intel\Intel(R) Management Engine Components\DAL;C:\Program Files\Intel\Intel(R) Management Engine Components\IPT;C:\Program Files (x86)\Intel\Intel(R) Management Engine Components\DAL;C:\Program Files (x86)\Intel\Intel(R) Management Engine Components\IPT;C:\Program Files (x86)\PharosSystems\Core;C:\Program Files (x86)\QuickTime\QTSystem\;C:\Program Files (x86)\Windows Live\Shared;C:\Program Files\Apache Software Foundation\apache-maven-3.3.9\bin;C:\Program Files (x86)\Heroku\bin;C:\Program Files (x86)\git\cmd;C:\Program Files\Java\jdk-9\bin;C:\Program Files (x86)\Skype\Phone\;C:\Program Files\nodejs\;C:\MinGW\bin;C:\ProgramData\Oracle\Java\javapath;C:\Program Files (x86)\Intel\iCLS Client\;C:\Program Files\Intel\iCLS Client\;C:\Windows\system32;C:\Windows;C:\Windows\System32\Wbem;C:\Windows\System32\WindowsPowerShell\v1.0\;C:\Program Files\Intel\Intel(R) Management Engine Components\DAL;C:\Program Files\Intel\Intel(R) Management Engine Components\IPT;C:\Program Files (x86)\Intel\Intel(R) Management Engine Components\DAL;C:\Program Files (x86)\Intel\Intel(R) Management Engine Components\IPT;C:\Program Files (x86)\PharosSystems\Core;C:\Program Files (x86)\QuickTime\QTSystem\;C:\Program Files (x86)\Windows Live\Shared;C:\Python21;C:\MinGW\bin;C:\Users\Jordy\AppData\Roaming\npm;%USERPROFILE%\AppData\Local\Microsoft\WindowsApps;;C:\Users\Jordy\eclipse\java-neon\eclipse;
USERNAME=Jordy
OS=Windows_NT
PROCESSOR_IDENTIFIER=Intel64 Family 6 Model 69 Stepping 1, GenuineIntel



---------------  S Y S T E M  ---------------

OS: Windows 10.0 , 64 bit Build 16299 (10.0.16299.15)

CPU:total 4 (2 cores per cpu, 2 threads per core) family 6 model 69 stepping 1, cmov, cx8, fxsr, mmx, sse, sse2, sse3, ssse3, sse4.1, sse4.2, popcnt, avx, avx2, aes, clmul, erms, lzcnt, ht, tsc, tscinvbit, bmi1, bmi2

Memory: 4k page, physical 8269348k(2139492k free), swap 33435172k(4144k free)

vm_info: Java HotSpot(TM) 64-Bit Server VM (25.45-b02) for windows-amd64 JRE (1.8.0_45-b14), built on Apr 10 2015 10:34:15 by "java_re" with MS VC++ 10.0 (VS2010)

time: Tue Oct 31 04:11:08 2017
elapsed time: 0 seconds (0d 0h 0m 0s)

